Analysis & Synthesis report for SEG_Clock
Thu Apr 27 14:24:16 2023
Quartus Prime Version 18.1.0 Build 625 09/12/2018 SJ Standard Edition


---------------------
; Table of Contents ;
---------------------
  1. Legal Notice
  2. Analysis & Synthesis Summary
  3. Analysis & Synthesis Settings
  4. Parallel Compilation
  5. Analysis & Synthesis Source Files Read
  6. Analysis & Synthesis Resource Usage Summary
  7. Analysis & Synthesis Resource Utilization by Entity
  8. Registers Removed During Synthesis
  9. Removed Registers Triggering Further Register Optimizations
 10. General Register Statistics
 11. Parameter Settings for User Entity Instance: Top-level Entity: |SEG_Clock
 12. Parameter Settings for User Entity Instance: time_count:u_time_count
 13. Parameter Settings for User Entity Instance: segshow:u_segshow
 14. Post-Synthesis Netlist Statistics for Top Partition
 15. Elapsed Time Per Partition
 16. Analysis & Synthesis Messages



----------------
; Legal Notice ;
----------------
Copyright (C) 2018  Intel Corporation. All rights reserved.
Your use of Intel Corporation's design tools, logic functions 
and other software and tools, and its AMPP partner logic 
functions, and any output files from any of the foregoing 
(including device programming or simulation files), and any 
associated documentation or information are expressly subject 
to the terms and conditions of the Intel Program License 
Subscription Agreement, the Intel Quartus Prime License Agreement,
the Intel FPGA IP License Agreement, or other applicable license
agreement, including, without limitation, that your use is for
the sole purpose of programming logic devices manufactured by
Intel and sold by Intel or its authorized distributors.  Please
refer to the applicable agreement for further details.



+--------------------------------------------------------------------------------------+
; Analysis & Synthesis Summary                                                         ;
+------------------------------------+-------------------------------------------------+
; Analysis & Synthesis Status        ; Successful - Thu Apr 27 14:24:16 2023           ;
; Quartus Prime Version              ; 18.1.0 Build 625 09/12/2018 SJ Standard Edition ;
; Revision Name                      ; SEG_Clock                                       ;
; Top-level Entity Name              ; SEG_Clock                                       ;
; Family                             ; Cyclone IV E                                    ;
; Total logic elements               ; 0                                               ;
;     Total combinational functions  ; 0                                               ;
;     Dedicated logic registers      ; 0                                               ;
; Total registers                    ; 0                                               ;
; Total pins                         ; 18                                              ;
; Total virtual pins                 ; 0                                               ;
; Total memory bits                  ; 0                                               ;
; Embedded Multiplier 9-bit elements ; 0                                               ;
; Total PLLs                         ; 0                                               ;
+------------------------------------+-------------------------------------------------+


+------------------------------------------------------------------------------------------------------------+
; Analysis & Synthesis Settings                                                                              ;
+------------------------------------------------------------------+--------------------+--------------------+
; Option                                                           ; Setting            ; Default Value      ;
+------------------------------------------------------------------+--------------------+--------------------+
; Device                                                           ; EP4CE6E22C8        ;                    ;
; Top-level entity name                                            ; SEG_Clock          ; SEG_Clock          ;
; Family name                                                      ; Cyclone IV E       ; Cyclone V          ;
; Use smart compilation                                            ; Off                ; Off                ;
; Enable parallel Assembler and Timing Analyzer during compilation ; On                 ; On                 ;
; Enable compact report table                                      ; Off                ; Off                ;
; Restructure Multiplexers                                         ; Auto               ; Auto               ;
; Create Debugging Nodes for IP Cores                              ; Off                ; Off                ;
; Preserve fewer node names                                        ; On                 ; On                 ;
; Intel FPGA IP Evaluation Mode                                    ; Enable             ; Enable             ;
; Verilog Version                                                  ; Verilog_2001       ; Verilog_2001       ;
; VHDL Version                                                     ; VHDL_1993          ; VHDL_1993          ;
; State Machine Processing                                         ; Auto               ; Auto               ;
; Safe State Machine                                               ; Off                ; Off                ;
; Extract Verilog State Machines                                   ; On                 ; On                 ;
; Extract VHDL State Machines                                      ; On                 ; On                 ;
; Ignore Verilog initial constructs                                ; Off                ; Off                ;
; Iteration limit for constant Verilog loops                       ; 5000               ; 5000               ;
; Iteration limit for non-constant Verilog loops                   ; 250                ; 250                ;
; Add Pass-Through Logic to Inferred RAMs                          ; On                 ; On                 ;
; Infer RAMs from Raw Logic                                        ; On                 ; On                 ;
; Parallel Synthesis                                               ; On                 ; On                 ;
; DSP Block Balancing                                              ; Auto               ; Auto               ;
; NOT Gate Push-Back                                               ; On                 ; On                 ;
; Power-Up Don't Care                                              ; On                 ; On                 ;
; Remove Redundant Logic Cells                                     ; Off                ; Off                ;
; Remove Duplicate Registers                                       ; On                 ; On                 ;
; Ignore CARRY Buffers                                             ; Off                ; Off                ;
; Ignore CASCADE Buffers                                           ; Off                ; Off                ;
; Ignore GLOBAL Buffers                                            ; Off                ; Off                ;
; Ignore ROW GLOBAL Buffers                                        ; Off                ; Off                ;
; Ignore LCELL Buffers                                             ; Off                ; Off                ;
; Ignore SOFT Buffers                                              ; On                 ; On                 ;
; Limit AHDL Integers to 32 Bits                                   ; Off                ; Off                ;
; Optimization Technique                                           ; Balanced           ; Balanced           ;
; Carry Chain Length                                               ; 70                 ; 70                 ;
; Auto Carry Chains                                                ; On                 ; On                 ;
; Auto Open-Drain Pins                                             ; On                 ; On                 ;
; Perform WYSIWYG Primitive Resynthesis                            ; Off                ; Off                ;
; Auto ROM Replacement                                             ; On                 ; On                 ;
; Auto RAM Replacement                                             ; On                 ; On                 ;
; Auto DSP Block Replacement                                       ; On                 ; On                 ;
; Auto Shift Register Replacement                                  ; Auto               ; Auto               ;
; Allow Shift Register Merging across Hierarchies                  ; Auto               ; Auto               ;
; Auto Clock Enable Replacement                                    ; On                 ; On                 ;
; Strict RAM Replacement                                           ; Off                ; Off                ;
; Allow Synchronous Control Signals                                ; On                 ; On                 ;
; Force Use of Synchronous Clear Signals                           ; Off                ; Off                ;
; Auto RAM Block Balancing                                         ; On                 ; On                 ;
; Auto RAM to Logic Cell Conversion                                ; Off                ; Off                ;
; Auto Resource Sharing                                            ; Off                ; Off                ;
; Allow Any RAM Size For Recognition                               ; Off                ; Off                ;
; Allow Any ROM Size For Recognition                               ; Off                ; Off                ;
; Allow Any Shift Register Size For Recognition                    ; Off                ; Off                ;
; Use LogicLock Constraints during Resource Balancing              ; On                 ; On                 ;
; Ignore translate_off and synthesis_off directives                ; Off                ; Off                ;
; Timing-Driven Synthesis                                          ; On                 ; On                 ;
; Report Parameter Settings                                        ; On                 ; On                 ;
; Report Source Assignments                                        ; On                 ; On                 ;
; Report Connectivity Checks                                       ; On                 ; On                 ;
; Ignore Maximum Fan-Out Assignments                               ; Off                ; Off                ;
; Synchronization Register Chain Length                            ; 2                  ; 2                  ;
; Power Optimization During Synthesis                              ; Normal compilation ; Normal compilation ;
; HDL message level                                                ; Level2             ; Level2             ;
; Suppress Register Optimization Related Messages                  ; Off                ; Off                ;
; Number of Removed Registers Reported in Synthesis Report         ; 5000               ; 5000               ;
; Number of Swept Nodes Reported in Synthesis Report               ; 5000               ; 5000               ;
; Number of Inverted Registers Reported in Synthesis Report        ; 100                ; 100                ;
; Clock MUX Protection                                             ; On                 ; On                 ;
; Auto Gated Clock Conversion                                      ; Off                ; Off                ;
; Block Design Naming                                              ; Auto               ; Auto               ;
; SDC constraint protection                                        ; Off                ; Off                ;
; Synthesis Effort                                                 ; Auto               ; Auto               ;
; Shift Register Replacement - Allow Asynchronous Clear Signal     ; On                 ; On                 ;
; Pre-Mapping Resynthesis Optimization                             ; Off                ; Off                ;
; Analysis & Synthesis Message Level                               ; Medium             ; Medium             ;
; Disable Register Merging Across Hierarchies                      ; Auto               ; Auto               ;
; Resource Aware Inference For Block RAM                           ; On                 ; On                 ;
+------------------------------------------------------------------+--------------------+--------------------+


+------------------------------------------+
; Parallel Compilation                     ;
+----------------------------+-------------+
; Processors                 ; Number      ;
+----------------------------+-------------+
; Number detected on machine ; 16          ;
; Maximum allowed            ; 8           ;
;                            ;             ;
; Average used               ; 1.00        ;
; Maximum used               ; 1           ;
;                            ;             ;
; Usage by Processor         ; % Time Used ;
;     Processor 1            ; 100.0%      ;
+----------------------------+-------------+


+--------------------------------------------------------------------------------------------------------------------------------------------+
; Analysis & Synthesis Source Files Read                                                                                                     ;
+----------------------------------+-----------------+------------------------+----------------------------------------------------+---------+
; File Name with User-Entered Path ; Used in Netlist ; File Type              ; File Name with Absolute Path                       ; Library ;
+----------------------------------+-----------------+------------------------+----------------------------------------------------+---------+
; ../rtl/time_count_8.v            ; yes             ; User Verilog HDL File  ; D:/code-file/fpga_prj/seg_clock/rtl/time_count_8.v ;         ;
; ../rtl/segshow_8.v               ; yes             ; User Verilog HDL File  ; D:/code-file/fpga_prj/seg_clock/rtl/segshow_8.v    ;         ;
; ../rtl/SEG_Clock_8.v             ; yes             ; User Verilog HDL File  ; D:/code-file/fpga_prj/seg_clock/rtl/SEG_Clock_8.v  ;         ;
+----------------------------------+-----------------+------------------------+----------------------------------------------------+---------+


+-----------------------------------------------------+
; Analysis & Synthesis Resource Usage Summary         ;
+---------------------------------------------+-------+
; Resource                                    ; Usage ;
+---------------------------------------------+-------+
;                                             ;       ;
; Total combinational functions               ; 0     ;
; Logic element usage by number of LUT inputs ;       ;
;     -- 4 input functions                    ; 0     ;
;     -- 3 input functions                    ; 0     ;
;     -- <=2 input functions                  ; 0     ;
;                                             ;       ;
; Logic elements by mode                      ;       ;
;     -- normal mode                          ; 0     ;
;     -- arithmetic mode                      ; 0     ;
;                                             ;       ;
; Total registers                             ; 0     ;
;     -- Dedicated logic registers            ; 0     ;
;     -- I/O registers                        ; 0     ;
;                                             ;       ;
; I/O pins                                    ; 18    ;
;                                             ;       ;
; Embedded Multiplier 9-bit elements          ; 0     ;
;                                             ;       ;
; Maximum fan-out node                        ; clk   ;
; Maximum fan-out                             ; 1     ;
; Total fan-out                               ; 18    ;
; Average fan-out                             ; 0.50  ;
+---------------------------------------------+-------+


+----------------------------------------------------------------------------------------------------------------------------------------------------------------------------------------------------------+
; Analysis & Synthesis Resource Utilization by Entity                                                                                                                                                      ;
+----------------------------+---------------------+---------------------------+-------------+--------------+---------+-----------+------+--------------+---------------------+-------------+--------------+
; Compilation Hierarchy Node ; Combinational ALUTs ; Dedicated Logic Registers ; Memory Bits ; DSP Elements ; DSP 9x9 ; DSP 18x18 ; Pins ; Virtual Pins ; Full Hierarchy Name ; Entity Name ; Library Name ;
+----------------------------+---------------------+---------------------------+-------------+--------------+---------+-----------+------+--------------+---------------------+-------------+--------------+
; |SEG_Clock                 ; 0 (0)               ; 0 (0)                     ; 0           ; 0            ; 0       ; 0         ; 18   ; 0            ; |SEG_Clock          ; SEG_Clock   ; work         ;
+----------------------------+---------------------+---------------------------+-------------+--------------+---------+-----------+------+--------------+---------------------+-------------+--------------+
Note: For table entries with two numbers listed, the numbers in parentheses indicate the number of resources of the given type used by the specific entity alone. The numbers listed outside of parentheses indicate the total resources of the given type used by the specific entity and all of its sub-entities in the hierarchy.


+---------------------------------------------------------------------------------+
; Registers Removed During Synthesis                                              ;
+----------------------------------------+----------------------------------------+
; Register name                          ; Reason for Removal                     ;
+----------------------------------------+----------------------------------------+
; segshow:u_segshow|sel[6,7]             ; Stuck at GND due to stuck port data_in ;
; segshow:u_segshow|seg[7]               ; Stuck at VCC due to stuck port data_in ;
; time_count:u_time_count|cnt_1s[0..22]  ; Lost fanout                            ;
; time_count:u_time_count|cnt_day[0..16] ; Lost fanout                            ;
; segshow:u_segshow|sel[1..5]            ; Merged with segshow:u_segshow|sel[0]   ;
; segshow:u_segshow|sel[0]               ; Stuck at GND due to stuck port data_in ;
; segshow:u_segshow|seg[2]               ; Stuck at GND due to stuck port data_in ;
; segshow:u_segshow|seg[6]               ; Stuck at VCC due to stuck port data_in ;
; segshow:u_segshow|seg[0,1,3..5]        ; Stuck at GND due to stuck port data_in ;
; time_count:u_time_count|cnt_20ns[0..9] ; Lost fanout                            ;
; Total Number of Removed Registers = 66 ;                                        ;
+----------------------------------------+----------------------------------------+


+-------------------------------------------------------------------------------------------------------------------------------------+
; Removed Registers Triggering Further Register Optimizations                                                                         ;
+--------------------------+---------------------------+------------------------------------------------------------------------------+
; Register name            ; Reason for Removal        ; Registers Removed due to This Register                                       ;
+--------------------------+---------------------------+------------------------------------------------------------------------------+
; segshow:u_segshow|sel[7] ; Stuck at GND              ; segshow:u_segshow|seg[6], segshow:u_segshow|seg[4], segshow:u_segshow|seg[1] ;
;                          ; due to stuck port data_in ;                                                                              ;
; segshow:u_segshow|sel[0] ; Stuck at GND              ; segshow:u_segshow|seg[3], segshow:u_segshow|seg[0]                           ;
;                          ; due to stuck port data_in ;                                                                              ;
+--------------------------+---------------------------+------------------------------------------------------------------------------+


+------------------------------------------------------+
; General Register Statistics                          ;
+----------------------------------------------+-------+
; Statistic                                    ; Value ;
+----------------------------------------------+-------+
; Total registers                              ; 0     ;
; Number of registers using Synchronous Clear  ; 0     ;
; Number of registers using Synchronous Load   ; 0     ;
; Number of registers using Asynchronous Clear ; 0     ;
; Number of registers using Asynchronous Load  ; 0     ;
; Number of registers using Clock Enable       ; 0     ;
; Number of registers using Preset             ; 0     ;
+----------------------------------------------+-------+


+---------------------------------------------------------------------------+
; Parameter Settings for User Entity Instance: Top-level Entity: |SEG_Clock ;
+----------------+-------------------------+--------------------------------+
; Parameter Name ; Value                   ; Type                           ;
+----------------+-------------------------+--------------------------------+
; MAX_1S         ; 10011000100101101000000 ; Unsigned Binary                ;
; MAX_20NS       ; 1111100111              ; Unsigned Binary                ;
; MAX_DAY        ; 10101000110000000       ; Unsigned Binary                ;
+----------------+-------------------------+--------------------------------+
Note: In order to hide this table in the UI and the text report file, please set the "Show Parameter Settings in Synthesis Report" option in "Analysis and Synthesis Settings -> More Settings" to "Off".


+----------------------------------------------------------------------+
; Parameter Settings for User Entity Instance: time_count:u_time_count ;
+----------------+-------------------------+---------------------------+
; Parameter Name ; Value                   ; Type                      ;
+----------------+-------------------------+---------------------------+
; MAX_1S         ; 10011000100101101000000 ; Unsigned Binary           ;
; MAX_20NS       ; 1111100111              ; Unsigned Binary           ;
; MAX_DAY        ; 10101000110000000       ; Unsigned Binary           ;
+----------------+-------------------------+---------------------------+
Note: In order to hide this table in the UI and the text report file, please set the "Show Parameter Settings in Synthesis Report" option in "Analysis and Synthesis Settings -> More Settings" to "Off".


+----------------------------------------------------------------+
; Parameter Settings for User Entity Instance: segshow:u_segshow ;
+----------------+-------+---------------------------------------+
; Parameter Name ; Value ; Type                                  ;
+----------------+-------+---------------------------------------+
; sec_ti         ; 00    ; Unsigned Binary                       ;
; min_ti         ; 01    ; Unsigned Binary                       ;
; hour_ti        ; 10    ; Unsigned Binary                       ;
+----------------+-------+---------------------------------------+
Note: In order to hide this table in the UI and the text report file, please set the "Show Parameter Settings in Synthesis Report" option in "Analysis and Synthesis Settings -> More Settings" to "Off".


+-----------------------------------------------------+
; Post-Synthesis Netlist Statistics for Top Partition ;
+-----------------------+-----------------------------+
; Type                  ; Count                       ;
+-----------------------+-----------------------------+
; boundary_port         ; 18                          ;
; cycloneiii_lcell_comb ; 2                           ;
;     normal            ; 2                           ;
;         0 data inputs ; 2                           ;
;                       ;                             ;
; Max LUT depth         ; 0.00                        ;
; Average LUT depth     ; 0.00                        ;
+-----------------------+-----------------------------+


+-------------------------------+
; Elapsed Time Per Partition    ;
+----------------+--------------+
; Partition Name ; Elapsed Time ;
+----------------+--------------+
; Top            ; 00:00:00     ;
+----------------+--------------+


+-------------------------------+
; Analysis & Synthesis Messages ;
+-------------------------------+
Info: *******************************************************************
Info: Running Quartus Prime Analysis & Synthesis
    Info: Version 18.1.0 Build 625 09/12/2018 SJ Standard Edition
    Info: Processing started: Thu Apr 27 14:24:06 2023
Info: Command: quartus_map --read_settings_files=on --write_settings_files=off SEG_Clock -c SEG_Clock
Warning (18236): Number of processors has not been specified which may cause overloading on shared machines.  Set the global assignment NUM_PARALLEL_PROCESSORS in your QSF to an appropriate value for best performance.
Info (20030): Parallel compilation is enabled and will use 8 of the 8 processors detected
Info (12021): Found 1 design units, including 1 entities, in source file /code-file/fpga_prj/seg_clock/rtl/time_count_8.v
    Info (12023): Found entity 1: time_count File: D:/code-file/fpga_prj/seg_clock/rtl/time_count_8.v Line: 1
Info (12021): Found 1 design units, including 1 entities, in source file /code-file/fpga_prj/seg_clock/rtl/segshow_8.v
    Info (12023): Found entity 1: segshow File: D:/code-file/fpga_prj/seg_clock/rtl/segshow_8.v Line: 1
Info (12021): Found 1 design units, including 1 entities, in source file /code-file/fpga_prj/seg_clock/rtl/seg_clock_8.v
    Info (12023): Found entity 1: SEG_Clock File: D:/code-file/fpga_prj/seg_clock/rtl/SEG_Clock_8.v Line: 1
Info (12127): Elaborating entity "SEG_Clock" for the top level hierarchy
Info (12128): Elaborating entity "time_count" for hierarchy "time_count:u_time_count" File: D:/code-file/fpga_prj/seg_clock/rtl/SEG_Clock_8.v Line: 29
Warning (10230): Verilog HDL assignment warning at time_count_8.v(62): truncated value with size 17 to match size of target (5) File: D:/code-file/fpga_prj/seg_clock/rtl/time_count_8.v Line: 62
Warning (10230): Verilog HDL assignment warning at time_count_8.v(63): truncated value with size 17 to match size of target (6) File: D:/code-file/fpga_prj/seg_clock/rtl/time_count_8.v Line: 63
Warning (10230): Verilog HDL assignment warning at time_count_8.v(64): truncated value with size 17 to match size of target (6) File: D:/code-file/fpga_prj/seg_clock/rtl/time_count_8.v Line: 64
Info (12128): Elaborating entity "segshow" for hierarchy "segshow:u_segshow" File: D:/code-file/fpga_prj/seg_clock/rtl/SEG_Clock_8.v Line: 40
Warning (10270): Verilog HDL Case Statement warning at segshow_8.v(41): incomplete case statement has no default case item File: D:/code-file/fpga_prj/seg_clock/rtl/segshow_8.v Line: 41
Warning (10240): Verilog HDL Always Construct warning at segshow_8.v(41): inferring latch(es) for variable "num", which holds its previous value in one or more paths through the always construct File: D:/code-file/fpga_prj/seg_clock/rtl/segshow_8.v Line: 41
Warning (10230): Verilog HDL assignment warning at segshow_8.v(71): truncated value with size 6 to match size of target (4) File: D:/code-file/fpga_prj/seg_clock/rtl/segshow_8.v Line: 71
Warning (10230): Verilog HDL assignment warning at segshow_8.v(72): truncated value with size 6 to match size of target (4) File: D:/code-file/fpga_prj/seg_clock/rtl/segshow_8.v Line: 72
Warning (10230): Verilog HDL assignment warning at segshow_8.v(73): truncated value with size 6 to match size of target (4) File: D:/code-file/fpga_prj/seg_clock/rtl/segshow_8.v Line: 73
Warning (10230): Verilog HDL assignment warning at segshow_8.v(74): truncated value with size 6 to match size of target (4) File: D:/code-file/fpga_prj/seg_clock/rtl/segshow_8.v Line: 74
Warning (10230): Verilog HDL assignment warning at segshow_8.v(75): truncated value with size 5 to match size of target (4) File: D:/code-file/fpga_prj/seg_clock/rtl/segshow_8.v Line: 75
Warning (10230): Verilog HDL assignment warning at segshow_8.v(76): truncated value with size 5 to match size of target (4) File: D:/code-file/fpga_prj/seg_clock/rtl/segshow_8.v Line: 76
Info (10041): Inferred latch for "num[0]" at segshow_8.v(41) File: D:/code-file/fpga_prj/seg_clock/rtl/segshow_8.v Line: 41
Info (10041): Inferred latch for "num[1]" at segshow_8.v(41) File: D:/code-file/fpga_prj/seg_clock/rtl/segshow_8.v Line: 41
Info (10041): Inferred latch for "num[2]" at segshow_8.v(41) File: D:/code-file/fpga_prj/seg_clock/rtl/segshow_8.v Line: 41
Info (10041): Inferred latch for "num[3]" at segshow_8.v(41) File: D:/code-file/fpga_prj/seg_clock/rtl/segshow_8.v Line: 41
Warning (14025): LATCH primitive "segshow:u_segshow|num[1]" is permanently disabled File: D:/code-file/fpga_prj/seg_clock/rtl/segshow_8.v Line: 41
Warning (14025): LATCH primitive "segshow:u_segshow|num[2]" is permanently disabled File: D:/code-file/fpga_prj/seg_clock/rtl/segshow_8.v Line: 41
Warning (14025): LATCH primitive "segshow:u_segshow|num[3]" is permanently disabled File: D:/code-file/fpga_prj/seg_clock/rtl/segshow_8.v Line: 41
Warning (14025): LATCH primitive "segshow:u_segshow|num[0]" is permanently disabled File: D:/code-file/fpga_prj/seg_clock/rtl/segshow_8.v Line: 41
Warning (14025): LATCH primitive "segshow:u_segshow|num[1]" is permanently disabled File: D:/code-file/fpga_prj/seg_clock/rtl/segshow_8.v Line: 41
Warning (13024): Output pins are stuck at VCC or GND
    Warning (13410): Pin "sel[0]" is stuck at GND File: D:/code-file/fpga_prj/seg_clock/rtl/SEG_Clock_8.v Line: 5
    Warning (13410): Pin "sel[1]" is stuck at GND File: D:/code-file/fpga_prj/seg_clock/rtl/SEG_Clock_8.v Line: 5
    Warning (13410): Pin "sel[2]" is stuck at GND File: D:/code-file/fpga_prj/seg_clock/rtl/SEG_Clock_8.v Line: 5
    Warning (13410): Pin "sel[3]" is stuck at GND File: D:/code-file/fpga_prj/seg_clock/rtl/SEG_Clock_8.v Line: 5
    Warning (13410): Pin "sel[4]" is stuck at GND File: D:/code-file/fpga_prj/seg_clock/rtl/SEG_Clock_8.v Line: 5
    Warning (13410): Pin "sel[5]" is stuck at GND File: D:/code-file/fpga_prj/seg_clock/rtl/SEG_Clock_8.v Line: 5
    Warning (13410): Pin "sel[6]" is stuck at GND File: D:/code-file/fpga_prj/seg_clock/rtl/SEG_Clock_8.v Line: 5
    Warning (13410): Pin "sel[7]" is stuck at GND File: D:/code-file/fpga_prj/seg_clock/rtl/SEG_Clock_8.v Line: 5
    Warning (13410): Pin "seg[0]" is stuck at GND File: D:/code-file/fpga_prj/seg_clock/rtl/SEG_Clock_8.v Line: 7
    Warning (13410): Pin "seg[1]" is stuck at GND File: D:/code-file/fpga_prj/seg_clock/rtl/SEG_Clock_8.v Line: 7
    Warning (13410): Pin "seg[2]" is stuck at GND File: D:/code-file/fpga_prj/seg_clock/rtl/SEG_Clock_8.v Line: 7
    Warning (13410): Pin "seg[3]" is stuck at GND File: D:/code-file/fpga_prj/seg_clock/rtl/SEG_Clock_8.v Line: 7
    Warning (13410): Pin "seg[4]" is stuck at GND File: D:/code-file/fpga_prj/seg_clock/rtl/SEG_Clock_8.v Line: 7
    Warning (13410): Pin "seg[5]" is stuck at GND File: D:/code-file/fpga_prj/seg_clock/rtl/SEG_Clock_8.v Line: 7
    Warning (13410): Pin "seg[6]" is stuck at VCC File: D:/code-file/fpga_prj/seg_clock/rtl/SEG_Clock_8.v Line: 7
    Warning (13410): Pin "seg[7]" is stuck at VCC File: D:/code-file/fpga_prj/seg_clock/rtl/SEG_Clock_8.v Line: 7
Info (17049): 50 registers lost all their fanouts during netlist optimizations.
Info (16010): Generating hard_block partition "hard_block:auto_generated_inst"
    Info (16011): Adding 0 node(s), including 0 DDIO, 0 PLL, 0 transceiver and 0 LCELL
Warning (21074): Design contains 2 input pin(s) that do not drive logic
    Warning (15610): No output dependent on input pin "clk" File: D:/code-file/fpga_prj/seg_clock/rtl/SEG_Clock_8.v Line: 2
    Warning (15610): No output dependent on input pin "rstn" File: D:/code-file/fpga_prj/seg_clock/rtl/SEG_Clock_8.v Line: 3
Info (21057): Implemented 18 device resources after synthesis - the final resource count might be different
    Info (21058): Implemented 2 input pins
    Info (21059): Implemented 16 output pins
Info: Quartus Prime Analysis & Synthesis was successful. 0 errors, 37 warnings
    Info: Peak virtual memory: 4738 megabytes
    Info: Processing ended: Thu Apr 27 14:24:16 2023
    Info: Elapsed time: 00:00:10
    Info: Total CPU time (on all processors): 00:00:08


